<?xml version="1.0" encoding="UTF-8"?>
<testsuite name="StoreTest" tests="9" skipped="0" failures="0" errors="0" timestamp="2015-09-04T21:52:11" hostname="Archanas-MacBook-Pro.local" time="0.232">
  <properties/>
  <testcase name="addBrands_StoreToTheJointTable" classname="StoreTest" time="0.043"/>
  <testcase name="getName_returnsCorrectName" classname="StoreTest" time="0.024"/>
  <testcase name="equals_returnsTrueIfNamesAretheSame" classname="StoreTest" time="0.008"/>
  <testcase name="save_savesObjectIntoDatabase" classname="StoreTest" time="0.026"/>
  <testcase name="all_emptyAtFirst" classname="StoreTest" time="0.015"/>
  <testcase name="getId_returnsCorrectId" classname="StoreTest" time="0.023"/>
  <testcase name="update_ChangesStoreFromDatabase" classname="StoreTest" time="0.031"/>
  <testcase name="delete_deletesFromDatabase" classname="StoreTest" time="0.034"/>
  <testcase name="find_returnsCorrectStore" classname="StoreTest" time="0.024"/>
  <system-out><![CDATA[]]></system-out>
  <system-err><![CDATA[]]></system-err>
</testsuite>
