<?xml version="1.0" encoding="UTF-8"?>
<testsuite name="StoreTest" tests="2" skipped="0" failures="0" errors="0" timestamp="2015-09-04T17:24:28" hostname="Archanas-MacBook-Pro.local" time="0.227">
  <properties/>
  <testcase name="equals_returnsTrueIfNamesAretheSame" classname="StoreTest" time="0.152"/>
  <testcase name="all_emptyAtFirst" classname="StoreTest" time="0.075"/>
  <system-out><![CDATA[]]></system-out>
  <system-err><![CDATA[]]></system-err>
</testsuite>
